Arguments: 
  C:\program files\nodejs\node.exe c:\program files\nodejs\node_modules\yarn\bin\yarn.js init

PATH: 
  C:\Program Files\PowerShell\7;C:\Program Files\ImageMagick-7.0.10-Q16;c:\program files\graphicsmagick-1.3.35-q16;c:\python37-x64\scripts\;c:\python37-x64\;c:\programdata\dockerdesktop\version-bin;c:\program files\docker\docker\resources\bin;c:\program files (x86)\common files\intel\shared libraries\redist\intel64\compiler;c:\program files\adoptopenjdk\jdk-11.0.4.11-hotspot\bin;c:\program files\adoptopenjdk\jdk-8.0.222.10-hotspot\bin;c:\program files (x86)\adoptopenjdk\jdk-8.0.222.10-hotspot\bin;c:\program files\adoptopenjdk\jre-8.0.222.10-hotspot\bin;c:\program files\adoptopenjdk\jre-11.0.4.11-hotspot\bin;c:\program files (x86)\adoptopenjdk\jre-8.0.222.10-hotspot\bin;c:\windows\system32;c:\windows;c:\windows\system32\wbem;c:\windows\system32\windowspowershell\v1.0;c:\program files\putty\;c:\users\blob\appdata\roaming\nvm;c:\program files\nodejs;c:\program files (x86)\windows kits\10\windows performance toolkit\;c:\program files (x86)\windows kits\10\microsoft application virtualization\sequencer\;c:\program files\microsoft sql server\130\tools\binn\;c:\program files\microsoft sql server\client sdk\odbc\170\tools\binn\;c:\program files (x86)\quicktime\qtsystem\;c:\program files\liquid technologies\liquid studio 2020\xmldatabinder18\redist18\cpp\win32\bin;c:\program files\liquid technologies\liquid studio 2020\xmldatabinder18\redist18\cpp\win64\bin;c:\program files (x86)\wireless docking\;c:\program files\7-zip;c:\program files\git\cmd;c:\program files (x86)\gpg4win\..\gnupg\bin;c:\program files\dotnet\;c:\programdata\chocolatey\bin;c:\program files (x86)\gow\bin;c:\tools\php74;c:\openssh-win64;c:\openssl-win64\bin;c:\program files (x86)\sudowin\clients\console;c:\strawberry\c\bin;c:\strawberry\perl\site\bin;c:\strawberry\perl\bin;c:\nasm;c:\program files (x86)\microsoft visual studio\2019\community\msbuild\current\bin;c:\program files (x86)\microsoft visual studio 14.0\vc\bin;c:\program files\powershell\7;c:\programdata\composersetup\bin;c:\hashicorp\vagrant\bin;c:\nodejs-dev;;c:\windows\system32;c:\windows;c:\windows\system32\wbem;c:\windows\system32\windowspowershell\v1.0\;c:\windows\system32\openssh\;C:\Program Files (x86)\NVIDIA Corporation\PhysX\Common;C:\Ruby27-x64\bin;C:\Users\Blob\AppData\Local\Programs\Python\Launcher\;C:\Users\Blob\.windows-build-tools\python27;C:\Users\Blob\AppData\Roaming\nvm;C:\Program Files\nodejs;C:\Users\Blob\AppData\Local\Yarn\Data\global\node_modules\.bin;C:\path;C:\MinGW\bin;C:\Python27;C:\Users\Blob\AppData\Local\Yarn\bin;C:\Program Files (x86)\mitmproxy\bin;C:\Program Files (x86)\Nmap;C:\path\maven\bin;C:\Program Files (x86)\FAHClient;C:\Users\Blob\golang\go1.14.1\bin;C:\Python37-x64;C:\Python37-x64\Scripts;C:\Users\Blob\AppData\Local\Microsoft\WindowsApps;C:\Program Files\ISC BIND 9\bin;C:\Users\Blob\AppData\Local\GitHubDesktop\bin;;C:\Users\Blob\AppData\Local\Programs\Microsoft VS Code Insiders\bin;C:\Users\Blob\AppData\Roaming\Composer\vendor\bin;C:\Users\Blob\AppData\Local\Microsoft\WindowsApps

Yarn version: 
  1.22.4

Node version: 
  14.0.0

Platform: 
  win32 x64

Trace: 
  Error: canceled
      at Interface.<anonymous> (C:\Users\Blob\AppData\Roaming\nvm\v14.0.0\node_modules\yarn\lib\cli.js:137008:13)
      at Interface.emit (events.js:315:20)
      at Interface._ttyWrite (readline.js:873:16)
      at ReadStream.onkeypress (readline.js:213:10)
      at ReadStream.emit (events.js:315:20)
      at emitKeys (internal/readline/utils.js:335:14)
      at emitKeys.next (<anonymous>)
      at ReadStream.onData (readline.js:1140:36)
      at ReadStream.emit (events.js:315:20)
      at addChunk (_stream_readable.js:296:12)

npm manifest: 
  No manifest

yarn manifest: 
  No manifest

Lockfile: 
  No lockfile
